<?xml version="1.0" encoding="UTF-8"?>
<!-- Generated by org.testng.reporters.JUnitReportReporter -->
<testsuite skipped="0" hostname="Einzton" name="TestNGFrameWork.AddProjectandSprint" tests="3" failures="0" timestamp="22 Jan 2020 15:12:34 GMT" time="28.866" errors="0">
  <testcase name="addProject" time="13.619" classname="TestNGFrameWork.AddProjectandSprint"/>
  <testcase name="addTask" time="8.469" classname="TestNGFrameWork.AddProjectandSprint"/>
  <testcase name="addSprint" time="6.778" classname="TestNGFrameWork.AddProjectandSprint"/>
</testsuite> <!-- TestNGFrameWork.AddProjectandSprint -->
