<?xml version="1.0" encoding="UTF-8"?>
<!-- Generated by org.testng.reporters.JUnitReportReporter -->
<testsuite skipped="0" hostname="Einzton" name="TestNG.LearnAssert" tests="1" failures="0" timestamp="22 Jan 2020 11:37:28 GMT" time="9.900" errors="0">
  <testcase name="myclass" time="9.900" classname="TestNG.LearnAssert"/>
</testsuite> <!-- TestNG.LearnAssert -->
