<?xml version="1.0" encoding="UTF-8"?>
<!-- Generated by org.testng.reporters.JUnitReportReporter -->
<testsuite skipped="0" hostname="Einzton" name="TestNG.TestNGRetryFailedDemo" tests="1" failures="0" timestamp="09 Jan 2020 13:31:33 GMT" time="17.429" errors="0">
  <testcase name="test1" time="17.429" classname="TestNG.TestNGRetryFailedDemo"/>
</testsuite> <!-- TestNG.TestNGRetryFailedDemo -->
