<?xml version="1.0" encoding="UTF-8"?>
<!-- Generated by org.testng.reporters.JUnitReportReporter -->
<testsuite skipped="0" hostname="Einzton" name="TestClass.RamMehodes" tests="1" failures="0" timestamp="23 Jan 2020 14:17:39 GMT" time="10.176" errors="0">
  <testcase name="aaa" time="10.176" classname="TestClass.RamMehodes"/>
</testsuite> <!-- TestClass.RamMehodes -->
