<?xml version="1.0" encoding="UTF-8"?>
<!-- Generated by org.testng.reporters.JUnitReportReporter -->
<testsuite skipped="0" hostname="Einzton" name="ExcelFileReader.ExcelDataProviders" tests="1" failures="0" timestamp="13 Jan 2020 10:03:46 GMT" time="14.276" errors="0">
  <testcase name="test1" time="14.276" classname="ExcelFileReader.ExcelDataProviders"/>
</testsuite> <!-- ExcelFileReader.ExcelDataProviders -->
