<?xml version="1.0" encoding="UTF-8"?>
<!-- Generated by org.testng.reporters.JUnitReportReporter -->
<testsuite skipped="0" hostname="Einzton" name="TestNG.Learn" tests="2" failures="0" timestamp="10 Jan 2020 09:23:13 GMT" time="0.032" errors="0">
  <testcase name="Hard_Assert" time="0.032" classname="TestNG.Learn"/>
  <testcase name="Soft_Assert" time="0.000" classname="TestNG.Learn"/>
</testsuite> <!-- TestNG.Learn -->
