<?xml version="1.0" encoding="UTF-8"?>
<!-- Generated by org.testng.reporters.JUnitReportReporter -->
<testsuite skipped="0" hostname="Einzton" name="TestNG.TestNGPararellTestingDemo" tests="2" failures="0" timestamp="09 Jan 2020 09:59:27 GMT" time="0.044" errors="0">
  <testcase name="test1" time="0.036" classname="TestNG.TestNGPararellTestingDemo"/>
  <testcase name="test2" time="0.008" classname="TestNG.TestNGPararellTestingDemo"/>
</testsuite> <!-- TestNG.TestNGPararellTestingDemo -->
