<?xml version="1.0" encoding="UTF-8"?>
<!-- Generated by org.testng.reporters.JUnitReportReporter -->
<testsuite skipped="0" hostname="Einzton" name="TestNG.TestNGGroupsDemo" tests="4" failures="0" timestamp="09 Jan 2020 12:24:14 GMT" time="0.040" errors="0">
  <testcase name="test1" time="0.028" classname="TestNG.TestNGGroupsDemo"/>
  <testcase name="test3" time="0.004" classname="TestNG.TestNGGroupsDemo"/>
  <testcase name="test4" time="0.004" classname="TestNG.TestNGGroupsDemo"/>
  <testcase name="test2" time="0.004" classname="TestNG.TestNGGroupsDemo"/>
</testsuite> <!-- TestNG.TestNGGroupsDemo -->
